2023-12-21 20:12:278 INFO  HomePage :62 - Entering jobTitle : [[ChromeDriver: chrome on windows (78eab3f08081d5e030a31599b8e67bf3)] -> xpath: //input[@id='keywords']]
2023-12-21 20:12:556 INFO  HomePage :67 - Entering location : [[ChromeDriver: chrome on windows (78eab3f08081d5e030a31599b8e67bf3)] -> xpath: //input[@id='location']]
2023-12-21 20:12:869 INFO  HomePage :72 - Clicking on :[[ChromeDriver: chrome on windows (78eab3f08081d5e030a31599b8e67bf3)] -> xpath: //select[@id='distance']]
2023-12-21 20:12:22 INFO  HomePage :77 - Click on : [[ChromeDriver: chrome on windows (78eab3f08081d5e030a31599b8e67bf3)] -> xpath: //button[@id='toggle-hp-search']]
2023-12-21 20:12:326 INFO  HomePage :82 - Entering salary : [[ChromeDriver: chrome on windows (78eab3f08081d5e030a31599b8e67bf3)] -> xpath: //input[@id='salarymin']]
2023-12-21 20:12:448 INFO  HomePage :87 - Entering salary : [[ChromeDriver: chrome on windows (78eab3f08081d5e030a31599b8e67bf3)] -> xpath: //input[@id='salarymax']]
2023-12-21 20:12:749 INFO  HomePage :62 - Entering jobTitle : [[ChromeDriver: chrome on windows (e86a58eb3071de65766631938af7b459)] -> xpath: //input[@id='keywords']]
2023-12-21 20:12:914 INFO  HomePage :67 - Entering location : [[ChromeDriver: chrome on windows (e86a58eb3071de65766631938af7b459)] -> xpath: //input[@id='location']]
2023-12-21 20:12:305 INFO  HomePage :72 - Clicking on :[[ChromeDriver: chrome on windows (e86a58eb3071de65766631938af7b459)] -> xpath: //select[@id='distance']]
2023-12-21 20:12:493 INFO  HomePage :77 - Click on : [[ChromeDriver: chrome on windows (e86a58eb3071de65766631938af7b459)] -> xpath: //button[@id='toggle-hp-search']]
2023-12-21 20:12:908 INFO  HomePage :82 - Entering salary : [[ChromeDriver: chrome on windows (e86a58eb3071de65766631938af7b459)] -> xpath: //input[@id='salarymin']]
2023-12-21 20:12:171 INFO  HomePage :87 - Entering salary : [[ChromeDriver: chrome on windows (e86a58eb3071de65766631938af7b459)] -> xpath: //input[@id='salarymax']]
2023-12-21 20:12:15 INFO  HomePage :62 - Entering jobTitle : [[ChromeDriver: chrome on windows (463e3400f3f32619bf06340efa9a8e93)] -> xpath: //input[@id='keywords']]
2023-12-21 20:12:147 INFO  HomePage :67 - Entering location : [[ChromeDriver: chrome on windows (463e3400f3f32619bf06340efa9a8e93)] -> xpath: //input[@id='location']]
2023-12-21 20:12:400 INFO  HomePage :72 - Clicking on :[[ChromeDriver: chrome on windows (463e3400f3f32619bf06340efa9a8e93)] -> xpath: //select[@id='distance']]
2023-12-21 20:12:535 INFO  HomePage :77 - Click on : [[ChromeDriver: chrome on windows (463e3400f3f32619bf06340efa9a8e93)] -> xpath: //button[@id='toggle-hp-search']]
2023-12-21 20:12:829 INFO  HomePage :82 - Entering salary : [[ChromeDriver: chrome on windows (463e3400f3f32619bf06340efa9a8e93)] -> xpath: //input[@id='salarymin']]
2023-12-21 20:12:936 INFO  HomePage :87 - Entering salary : [[ChromeDriver: chrome on windows (463e3400f3f32619bf06340efa9a8e93)] -> xpath: //input[@id='salarymax']]
2023-12-21 20:12:655 INFO  HomePage :62 - Entering jobTitle : [[ChromeDriver: chrome on windows (0c2ce10d715ee2a5c19951c036f34633)] -> xpath: //input[@id='keywords']]
2023-12-21 20:12:942 INFO  HomePage :67 - Entering location : [[ChromeDriver: chrome on windows (0c2ce10d715ee2a5c19951c036f34633)] -> xpath: //input[@id='location']]
2023-12-21 20:12:158 INFO  HomePage :72 - Clicking on :[[ChromeDriver: chrome on windows (0c2ce10d715ee2a5c19951c036f34633)] -> xpath: //select[@id='distance']]
2023-12-21 20:12:342 INFO  HomePage :77 - Click on : [[ChromeDriver: chrome on windows (0c2ce10d715ee2a5c19951c036f34633)] -> xpath: //button[@id='toggle-hp-search']]
2023-12-21 20:12:593 INFO  HomePage :82 - Entering salary : [[ChromeDriver: chrome on windows (0c2ce10d715ee2a5c19951c036f34633)] -> xpath: //input[@id='salarymin']]
2023-12-21 20:12:771 INFO  HomePage :87 - Entering salary : [[ChromeDriver: chrome on windows (0c2ce10d715ee2a5c19951c036f34633)] -> xpath: //input[@id='salarymax']]
2023-12-21 20:12:116 INFO  HomePage :62 - Entering jobTitle : [[ChromeDriver: chrome on windows (645e899fdc6cdb4e85c7d92ad06f16ae)] -> xpath: //input[@id='keywords']]
2023-12-21 20:12:584 INFO  HomePage :67 - Entering location : [[ChromeDriver: chrome on windows (645e899fdc6cdb4e85c7d92ad06f16ae)] -> xpath: //input[@id='location']]
2023-12-21 20:12:915 INFO  HomePage :72 - Clicking on :[[ChromeDriver: chrome on windows (645e899fdc6cdb4e85c7d92ad06f16ae)] -> xpath: //select[@id='distance']]
2023-12-21 20:12:50 INFO  HomePage :77 - Click on : [[ChromeDriver: chrome on windows (645e899fdc6cdb4e85c7d92ad06f16ae)] -> xpath: //button[@id='toggle-hp-search']]
2023-12-21 20:12:308 INFO  HomePage :82 - Entering salary : [[ChromeDriver: chrome on windows (645e899fdc6cdb4e85c7d92ad06f16ae)] -> xpath: //input[@id='salarymin']]
2023-12-21 20:12:448 INFO  HomePage :87 - Entering salary : [[ChromeDriver: chrome on windows (645e899fdc6cdb4e85c7d92ad06f16ae)] -> xpath: //input[@id='salarymax']]
2023-12-21 20:12:778 INFO  HomePage :62 - Entering jobTitle : [[ChromeDriver: chrome on windows (7a22b655a91d48bad3ae575fc067d954)] -> xpath: //input[@id='keywords']]
2023-12-21 20:12:907 INFO  HomePage :67 - Entering location : [[ChromeDriver: chrome on windows (7a22b655a91d48bad3ae575fc067d954)] -> xpath: //input[@id='location']]
2023-12-21 20:12:293 INFO  HomePage :72 - Clicking on :[[ChromeDriver: chrome on windows (7a22b655a91d48bad3ae575fc067d954)] -> xpath: //select[@id='distance']]
2023-12-21 20:12:686 INFO  HomePage :77 - Click on : [[ChromeDriver: chrome on windows (7a22b655a91d48bad3ae575fc067d954)] -> xpath: //button[@id='toggle-hp-search']]
2023-12-21 20:12:203 INFO  HomePage :82 - Entering salary : [[ChromeDriver: chrome on windows (7a22b655a91d48bad3ae575fc067d954)] -> xpath: //input[@id='salarymin']]
2023-12-21 20:12:325 INFO  HomePage :87 - Entering salary : [[ChromeDriver: chrome on windows (7a22b655a91d48bad3ae575fc067d954)] -> xpath: //input[@id='salarymax']]
2023-12-21 21:12:290 INFO  HomePage :62 - Entering jobTitle : [[ChromeDriver: chrome on windows (2848631a4da9849dea8f6515566e65e4)] -> xpath: //input[@id='keywords']]
2023-12-21 21:12:504 INFO  HomePage :67 - Entering location : [[ChromeDriver: chrome on windows (2848631a4da9849dea8f6515566e65e4)] -> xpath: //input[@id='location']]
2023-12-21 21:12:832 INFO  HomePage :72 - Clicking on :[[ChromeDriver: chrome on windows (2848631a4da9849dea8f6515566e65e4)] -> xpath: //select[@id='distance']]
2023-12-21 21:12:22 INFO  HomePage :77 - Click on : [[ChromeDriver: chrome on windows (2848631a4da9849dea8f6515566e65e4)] -> xpath: //button[@id='toggle-hp-search']]
2023-12-21 21:12:305 INFO  HomePage :82 - Entering salary : [[ChromeDriver: chrome on windows (2848631a4da9849dea8f6515566e65e4)] -> xpath: //input[@id='salarymin']]
2023-12-21 21:12:455 INFO  HomePage :87 - Entering salary : [[ChromeDriver: chrome on windows (2848631a4da9849dea8f6515566e65e4)] -> xpath: //input[@id='salarymax']]
2023-12-21 21:12:309 INFO  HomePage :62 - Entering jobTitle : [[ChromeDriver: chrome on windows (45c6804fb7e20cdc1c10bff9aff88e52)] -> xpath: //input[@id='keywords']]
2023-12-21 21:12:437 INFO  HomePage :67 - Entering location : [[ChromeDriver: chrome on windows (45c6804fb7e20cdc1c10bff9aff88e52)] -> xpath: //input[@id='location']]
2023-12-21 21:12:644 INFO  HomePage :72 - Clicking on :[[ChromeDriver: chrome on windows (45c6804fb7e20cdc1c10bff9aff88e52)] -> xpath: //select[@id='distance']]
2023-12-21 21:12:816 INFO  HomePage :77 - Click on : [[ChromeDriver: chrome on windows (45c6804fb7e20cdc1c10bff9aff88e52)] -> xpath: //button[@id='toggle-hp-search']]
2023-12-21 21:12:98 INFO  HomePage :82 - Entering salary : [[ChromeDriver: chrome on windows (45c6804fb7e20cdc1c10bff9aff88e52)] -> xpath: //input[@id='salarymin']]
2023-12-21 21:12:245 INFO  HomePage :87 - Entering salary : [[ChromeDriver: chrome on windows (45c6804fb7e20cdc1c10bff9aff88e52)] -> xpath: //input[@id='salarymax']]
2023-12-21 21:12:717 INFO  HomePage :62 - Entering jobTitle : [[ChromeDriver: chrome on windows (11ed4d5918f78489b7d4d36989d4ec0a)] -> xpath: //input[@id='keywords']]
2023-12-21 21:12:97 INFO  HomePage :67 - Entering location : [[ChromeDriver: chrome on windows (11ed4d5918f78489b7d4d36989d4ec0a)] -> xpath: //input[@id='location']]
2023-12-21 21:12:357 INFO  HomePage :72 - Clicking on :[[ChromeDriver: chrome on windows (11ed4d5918f78489b7d4d36989d4ec0a)] -> xpath: //select[@id='distance']]
2023-12-21 21:12:560 INFO  HomePage :77 - Click on : [[ChromeDriver: chrome on windows (11ed4d5918f78489b7d4d36989d4ec0a)] -> xpath: //button[@id='toggle-hp-search']]
2023-12-21 21:12:849 INFO  HomePage :82 - Entering salary : [[ChromeDriver: chrome on windows (11ed4d5918f78489b7d4d36989d4ec0a)] -> xpath: //input[@id='salarymin']]
2023-12-21 21:12:998 INFO  HomePage :87 - Entering salary : [[ChromeDriver: chrome on windows (11ed4d5918f78489b7d4d36989d4ec0a)] -> xpath: //input[@id='salarymax']]
2023-12-21 21:12:330 INFO  HomePage :62 - Entering jobTitle : [[ChromeDriver: chrome on windows (59a97effc03b1a19335b952895c7516d)] -> xpath: //input[@id='keywords']]
2023-12-21 21:12:522 INFO  HomePage :67 - Entering location : [[ChromeDriver: chrome on windows (59a97effc03b1a19335b952895c7516d)] -> xpath: //input[@id='location']]
2023-12-21 21:12:866 INFO  HomePage :72 - Clicking on :[[ChromeDriver: chrome on windows (59a97effc03b1a19335b952895c7516d)] -> xpath: //select[@id='distance']]
2023-12-21 21:12:22 INFO  HomePage :77 - Click on : [[ChromeDriver: chrome on windows (59a97effc03b1a19335b952895c7516d)] -> xpath: //button[@id='toggle-hp-search']]
2023-12-21 21:12:344 INFO  HomePage :82 - Entering salary : [[ChromeDriver: chrome on windows (59a97effc03b1a19335b952895c7516d)] -> xpath: //input[@id='salarymin']]
2023-12-21 21:12:691 INFO  HomePage :87 - Entering salary : [[ChromeDriver: chrome on windows (59a97effc03b1a19335b952895c7516d)] -> xpath: //input[@id='salarymax']]
2023-12-21 21:12:119 INFO  HomePage :62 - Entering jobTitle : [[ChromeDriver: chrome on windows (1d141f6435b4d4714c7e4b5743cf9253)] -> xpath: //input[@id='keywords']]
2023-12-21 21:12:262 INFO  HomePage :67 - Entering location : [[ChromeDriver: chrome on windows (1d141f6435b4d4714c7e4b5743cf9253)] -> xpath: //input[@id='location']]
2023-12-21 21:12:469 INFO  HomePage :72 - Clicking on :[[ChromeDriver: chrome on windows (1d141f6435b4d4714c7e4b5743cf9253)] -> xpath: //select[@id='distance']]
2023-12-21 21:12:662 INFO  HomePage :77 - Click on : [[ChromeDriver: chrome on windows (1d141f6435b4d4714c7e4b5743cf9253)] -> xpath: //button[@id='toggle-hp-search']]
2023-12-21 21:12:921 INFO  HomePage :82 - Entering salary : [[ChromeDriver: chrome on windows (1d141f6435b4d4714c7e4b5743cf9253)] -> xpath: //input[@id='salarymin']]
2023-12-21 21:12:50 INFO  HomePage :87 - Entering salary : [[ChromeDriver: chrome on windows (1d141f6435b4d4714c7e4b5743cf9253)] -> xpath: //input[@id='salarymax']]
2023-12-21 21:12:560 INFO  HomePage :62 - Entering jobTitle : [[ChromeDriver: chrome on windows (b394e7c322c132e8e5bb1e3ddc7ec2d6)] -> xpath: //input[@id='keywords']]
2023-12-21 21:12:730 INFO  HomePage :67 - Entering location : [[ChromeDriver: chrome on windows (b394e7c322c132e8e5bb1e3ddc7ec2d6)] -> xpath: //input[@id='location']]
2023-12-21 21:12:938 INFO  HomePage :72 - Clicking on :[[ChromeDriver: chrome on windows (b394e7c322c132e8e5bb1e3ddc7ec2d6)] -> xpath: //select[@id='distance']]
2023-12-21 21:12:93 INFO  HomePage :77 - Click on : [[ChromeDriver: chrome on windows (b394e7c322c132e8e5bb1e3ddc7ec2d6)] -> xpath: //button[@id='toggle-hp-search']]
2023-12-21 21:12:340 INFO  HomePage :82 - Entering salary : [[ChromeDriver: chrome on windows (b394e7c322c132e8e5bb1e3ddc7ec2d6)] -> xpath: //input[@id='salarymin']]
2023-12-21 21:12:509 INFO  HomePage :87 - Entering salary : [[ChromeDriver: chrome on windows (b394e7c322c132e8e5bb1e3ddc7ec2d6)] -> xpath: //input[@id='salarymax']]
2023-12-21 21:12:954 INFO  HomePage :62 - Entering jobTitle : [[ChromeDriver: chrome on windows (666c6a10ccad0ad59766a1d745415e6a)] -> xpath: //input[@id='keywords']]
2023-12-21 21:12:121 INFO  HomePage :67 - Entering location : [[ChromeDriver: chrome on windows (666c6a10ccad0ad59766a1d745415e6a)] -> xpath: //input[@id='location']]
2023-12-21 21:12:405 INFO  HomePage :72 - Clicking on :[[ChromeDriver: chrome on windows (666c6a10ccad0ad59766a1d745415e6a)] -> xpath: //select[@id='distance']]
2023-12-21 21:12:579 INFO  HomePage :77 - Click on : [[ChromeDriver: chrome on windows (666c6a10ccad0ad59766a1d745415e6a)] -> xpath: //button[@id='toggle-hp-search']]
2023-12-21 21:12:987 INFO  HomePage :82 - Entering salary : [[ChromeDriver: chrome on windows (666c6a10ccad0ad59766a1d745415e6a)] -> xpath: //input[@id='salarymin']]
2023-12-21 21:12:124 INFO  HomePage :87 - Entering salary : [[ChromeDriver: chrome on windows (666c6a10ccad0ad59766a1d745415e6a)] -> xpath: //input[@id='salarymax']]
2023-12-21 21:12:186 INFO  HomePage :62 - Entering jobTitle : [[ChromeDriver: chrome on windows (08b21e84e37ab166679d82affcab7ae4)] -> xpath: //input[@id='keywords']]
2023-12-21 21:12:394 INFO  HomePage :67 - Entering location : [[ChromeDriver: chrome on windows (08b21e84e37ab166679d82affcab7ae4)] -> xpath: //input[@id='location']]
2023-12-21 21:12:698 INFO  HomePage :72 - Clicking on :[[ChromeDriver: chrome on windows (08b21e84e37ab166679d82affcab7ae4)] -> xpath: //select[@id='distance']]
2023-12-21 21:12:897 INFO  HomePage :77 - Click on : [[ChromeDriver: chrome on windows (08b21e84e37ab166679d82affcab7ae4)] -> xpath: //button[@id='toggle-hp-search']]
2023-12-21 21:12:184 INFO  HomePage :82 - Entering salary : [[ChromeDriver: chrome on windows (08b21e84e37ab166679d82affcab7ae4)] -> xpath: //input[@id='salarymin']]
2023-12-21 21:12:311 INFO  HomePage :87 - Entering salary : [[ChromeDriver: chrome on windows (08b21e84e37ab166679d82affcab7ae4)] -> xpath: //input[@id='salarymax']]
2023-12-21 21:12:422 INFO  HomePage :62 - Entering jobTitle : [[ChromeDriver: chrome on windows (735dfb4d2ba2a9bdad1f471730ef328f)] -> xpath: //input[@id='keywords']]
2023-12-21 21:12:622 INFO  HomePage :67 - Entering location : [[ChromeDriver: chrome on windows (735dfb4d2ba2a9bdad1f471730ef328f)] -> xpath: //input[@id='location']]
2023-12-21 21:12:876 INFO  HomePage :72 - Clicking on :[[ChromeDriver: chrome on windows (735dfb4d2ba2a9bdad1f471730ef328f)] -> xpath: //select[@id='distance']]
2023-12-21 21:12:23 INFO  HomePage :77 - Click on : [[ChromeDriver: chrome on windows (735dfb4d2ba2a9bdad1f471730ef328f)] -> xpath: //button[@id='toggle-hp-search']]
2023-12-21 21:12:322 INFO  HomePage :82 - Entering salary : [[ChromeDriver: chrome on windows (735dfb4d2ba2a9bdad1f471730ef328f)] -> xpath: //input[@id='salarymin']]
2023-12-21 21:12:464 INFO  HomePage :87 - Entering salary : [[ChromeDriver: chrome on windows (735dfb4d2ba2a9bdad1f471730ef328f)] -> xpath: //input[@id='salarymax']]
2023-12-21 21:12:977 INFO  HomePage :62 - Entering jobTitle : [[ChromeDriver: chrome on windows (4e28d327861437bc7ea56d75be472268)] -> xpath: //input[@id='keywords']]
2023-12-21 21:12:176 INFO  HomePage :67 - Entering location : [[ChromeDriver: chrome on windows (4e28d327861437bc7ea56d75be472268)] -> xpath: //input[@id='location']]
2023-12-21 21:12:506 INFO  HomePage :72 - Clicking on :[[ChromeDriver: chrome on windows (4e28d327861437bc7ea56d75be472268)] -> xpath: //select[@id='distance']]
2023-12-21 21:12:671 INFO  HomePage :77 - Click on : [[ChromeDriver: chrome on windows (4e28d327861437bc7ea56d75be472268)] -> xpath: //button[@id='toggle-hp-search']]
2023-12-21 21:12:954 INFO  HomePage :82 - Entering salary : [[ChromeDriver: chrome on windows (4e28d327861437bc7ea56d75be472268)] -> xpath: //input[@id='salarymin']]
2023-12-21 21:12:140 INFO  HomePage :87 - Entering salary : [[ChromeDriver: chrome on windows (4e28d327861437bc7ea56d75be472268)] -> xpath: //input[@id='salarymax']]
2023-12-21 21:12:397 INFO  HomePage :62 - Entering jobTitle : [[ChromeDriver: chrome on windows (ee92d8edb3584492a3a9f233fc374733)] -> xpath: //input[@id='keywords']]
2023-12-21 21:12:651 INFO  HomePage :67 - Entering location : [[ChromeDriver: chrome on windows (ee92d8edb3584492a3a9f233fc374733)] -> xpath: //input[@id='location']]
2023-12-21 21:12:945 INFO  HomePage :72 - Clicking on :[[ChromeDriver: chrome on windows (ee92d8edb3584492a3a9f233fc374733)] -> xpath: //select[@id='distance']]
2023-12-21 21:12:98 INFO  HomePage :77 - Click on : [[ChromeDriver: chrome on windows (ee92d8edb3584492a3a9f233fc374733)] -> xpath: //button[@id='toggle-hp-search']]
2023-12-21 21:12:391 INFO  HomePage :82 - Entering salary : [[ChromeDriver: chrome on windows (ee92d8edb3584492a3a9f233fc374733)] -> xpath: //input[@id='salarymin']]
2023-12-21 21:12:515 INFO  HomePage :87 - Entering salary : [[ChromeDriver: chrome on windows (ee92d8edb3584492a3a9f233fc374733)] -> xpath: //input[@id='salarymax']]
2023-12-21 21:12:943 INFO  HomePage :62 - Entering jobTitle : [[ChromeDriver: chrome on windows (011a992ec427cb3d2c763de337574e31)] -> xpath: //input[@id='keywords']]
2023-12-21 21:12:158 INFO  HomePage :67 - Entering location : [[ChromeDriver: chrome on windows (011a992ec427cb3d2c763de337574e31)] -> xpath: //input[@id='location']]
2023-12-21 21:12:458 INFO  HomePage :72 - Clicking on :[[ChromeDriver: chrome on windows (011a992ec427cb3d2c763de337574e31)] -> xpath: //select[@id='distance']]
2023-12-21 21:12:617 INFO  HomePage :77 - Click on : [[ChromeDriver: chrome on windows (011a992ec427cb3d2c763de337574e31)] -> xpath: //button[@id='toggle-hp-search']]
2023-12-21 21:12:900 INFO  HomePage :82 - Entering salary : [[ChromeDriver: chrome on windows (011a992ec427cb3d2c763de337574e31)] -> xpath: //input[@id='salarymin']]
2023-12-21 21:12:27 INFO  HomePage :87 - Entering salary : [[ChromeDriver: chrome on windows (011a992ec427cb3d2c763de337574e31)] -> xpath: //input[@id='salarymax']]
2023-12-21 21:12:906 INFO  HomePage :62 - Entering jobTitle : [[ChromeDriver: chrome on windows (7a31b53a311cc0ad769f44eab4f1ea1c)] -> xpath: //input[@id='keywords']]
2023-12-21 21:12:148 INFO  HomePage :67 - Entering location : [[ChromeDriver: chrome on windows (7a31b53a311cc0ad769f44eab4f1ea1c)] -> xpath: //input[@id='location']]
2023-12-21 21:12:329 INFO  HomePage :72 - Clicking on :[[ChromeDriver: chrome on windows (7a31b53a311cc0ad769f44eab4f1ea1c)] -> xpath: //select[@id='distance']]
2023-12-21 21:12:474 INFO  HomePage :77 - Click on : [[ChromeDriver: chrome on windows (7a31b53a311cc0ad769f44eab4f1ea1c)] -> xpath: //button[@id='toggle-hp-search']]
2023-12-21 21:12:732 INFO  HomePage :82 - Entering salary : [[ChromeDriver: chrome on windows (7a31b53a311cc0ad769f44eab4f1ea1c)] -> xpath: //input[@id='salarymin']]
2023-12-21 21:12:844 INFO  HomePage :87 - Entering salary : [[ChromeDriver: chrome on windows (7a31b53a311cc0ad769f44eab4f1ea1c)] -> xpath: //input[@id='salarymax']]
2023-12-21 21:12:293 INFO  HomePage :62 - Entering jobTitle : [[ChromeDriver: chrome on windows (6806a05a9a247e2800e6e05cb33d663a)] -> xpath: //input[@id='keywords']]
2023-12-21 21:12:547 INFO  HomePage :67 - Entering location : [[ChromeDriver: chrome on windows (6806a05a9a247e2800e6e05cb33d663a)] -> xpath: //input[@id='location']]
2023-12-21 21:12:749 INFO  HomePage :72 - Clicking on :[[ChromeDriver: chrome on windows (6806a05a9a247e2800e6e05cb33d663a)] -> xpath: //select[@id='distance']]
2023-12-21 21:12:890 INFO  HomePage :77 - Click on : [[ChromeDriver: chrome on windows (6806a05a9a247e2800e6e05cb33d663a)] -> xpath: //button[@id='toggle-hp-search']]
2023-12-21 21:12:184 INFO  HomePage :82 - Entering salary : [[ChromeDriver: chrome on windows (6806a05a9a247e2800e6e05cb33d663a)] -> xpath: //input[@id='salarymin']]
2023-12-21 21:12:297 INFO  HomePage :87 - Entering salary : [[ChromeDriver: chrome on windows (6806a05a9a247e2800e6e05cb33d663a)] -> xpath: //input[@id='salarymax']]
2023-12-21 21:12:554 INFO  HomePage :62 - Entering jobTitle : [[ChromeDriver: chrome on windows (03bb32209419690bcbe1fb30c80b42a7)] -> xpath: //input[@id='keywords']]
2023-12-21 21:12:784 INFO  HomePage :67 - Entering location : [[ChromeDriver: chrome on windows (03bb32209419690bcbe1fb30c80b42a7)] -> xpath: //input[@id='location']]
2023-12-21 21:12:105 INFO  HomePage :72 - Clicking on :[[ChromeDriver: chrome on windows (03bb32209419690bcbe1fb30c80b42a7)] -> xpath: //select[@id='distance']]
2023-12-21 21:12:291 INFO  HomePage :77 - Click on : [[ChromeDriver: chrome on windows (03bb32209419690bcbe1fb30c80b42a7)] -> xpath: //button[@id='toggle-hp-search']]
2023-12-21 21:12:554 INFO  HomePage :82 - Entering salary : [[ChromeDriver: chrome on windows (03bb32209419690bcbe1fb30c80b42a7)] -> xpath: //input[@id='salarymin']]
2023-12-21 21:12:695 INFO  HomePage :87 - Entering salary : [[ChromeDriver: chrome on windows (03bb32209419690bcbe1fb30c80b42a7)] -> xpath: //input[@id='salarymax']]
2023-12-21 21:12:722 INFO  HomePage :62 - Entering jobTitle : [[ChromeDriver: chrome on windows (70612d05d1f67af674519420a6297469)] -> xpath: //input[@id='keywords']]
2023-12-21 21:12:852 INFO  HomePage :67 - Entering location : [[ChromeDriver: chrome on windows (70612d05d1f67af674519420a6297469)] -> xpath: //input[@id='location']]
2023-12-21 21:12:58 INFO  HomePage :72 - Clicking on :[[ChromeDriver: chrome on windows (70612d05d1f67af674519420a6297469)] -> xpath: //select[@id='distance']]
2023-12-21 21:12:306 INFO  HomePage :77 - Click on : [[ChromeDriver: chrome on windows (70612d05d1f67af674519420a6297469)] -> xpath: //button[@id='toggle-hp-search']]
2023-12-21 21:12:521 INFO  HomePage :82 - Entering salary : [[ChromeDriver: chrome on windows (70612d05d1f67af674519420a6297469)] -> xpath: //input[@id='salarymin']]
2023-12-21 21:12:623 INFO  HomePage :87 - Entering salary : [[ChromeDriver: chrome on windows (70612d05d1f67af674519420a6297469)] -> xpath: //input[@id='salarymax']]
2023-12-21 21:12:878 INFO  HomePage :62 - Entering jobTitle : [[ChromeDriver: chrome on windows (c07dffc7ef565a482df55d659dc63264)] -> xpath: //input[@id='keywords']]
2023-12-21 21:12:54 INFO  HomePage :67 - Entering location : [[ChromeDriver: chrome on windows (c07dffc7ef565a482df55d659dc63264)] -> xpath: //input[@id='location']]
2023-12-21 21:12:247 INFO  HomePage :72 - Clicking on :[[ChromeDriver: chrome on windows (c07dffc7ef565a482df55d659dc63264)] -> xpath: //select[@id='distance']]
2023-12-21 21:12:417 INFO  HomePage :77 - Click on : [[ChromeDriver: chrome on windows (c07dffc7ef565a482df55d659dc63264)] -> xpath: //button[@id='toggle-hp-search']]
2023-12-21 21:12:827 INFO  HomePage :82 - Entering salary : [[ChromeDriver: chrome on windows (c07dffc7ef565a482df55d659dc63264)] -> xpath: //input[@id='salarymin']]
2023-12-21 21:12:940 INFO  HomePage :87 - Entering salary : [[ChromeDriver: chrome on windows (c07dffc7ef565a482df55d659dc63264)] -> xpath: //input[@id='salarymax']]
2023-12-21 21:12:348 INFO  HomePage :62 - Entering jobTitle : [[ChromeDriver: chrome on windows (e20e6d3c2c6707e901d4fbe5e9b2eab1)] -> xpath: //input[@id='keywords']]
2023-12-21 21:12:461 INFO  HomePage :67 - Entering location : [[ChromeDriver: chrome on windows (e20e6d3c2c6707e901d4fbe5e9b2eab1)] -> xpath: //input[@id='location']]
2023-12-21 21:12:669 INFO  HomePage :72 - Clicking on :[[ChromeDriver: chrome on windows (e20e6d3c2c6707e901d4fbe5e9b2eab1)] -> xpath: //select[@id='distance']]
2023-12-21 21:12:791 INFO  HomePage :77 - Click on : [[ChromeDriver: chrome on windows (e20e6d3c2c6707e901d4fbe5e9b2eab1)] -> xpath: //button[@id='toggle-hp-search']]
2023-12-21 21:12:53 INFO  HomePage :82 - Entering salary : [[ChromeDriver: chrome on windows (e20e6d3c2c6707e901d4fbe5e9b2eab1)] -> xpath: //input[@id='salarymin']]
2023-12-21 21:12:149 INFO  HomePage :87 - Entering salary : [[ChromeDriver: chrome on windows (e20e6d3c2c6707e901d4fbe5e9b2eab1)] -> xpath: //input[@id='salarymax']]
2023-12-21 21:12:91 INFO  HomePage :62 - Entering jobTitle : [[ChromeDriver: chrome on windows (b94d70b5946eb5165e3e03d3af329ffc)] -> xpath: //input[@id='keywords']]
2023-12-21 21:12:279 INFO  HomePage :67 - Entering location : [[ChromeDriver: chrome on windows (b94d70b5946eb5165e3e03d3af329ffc)] -> xpath: //input[@id='location']]
2023-12-21 21:12:596 INFO  HomePage :72 - Clicking on :[[ChromeDriver: chrome on windows (b94d70b5946eb5165e3e03d3af329ffc)] -> xpath: //select[@id='distance']]
2023-12-21 21:12:764 INFO  HomePage :77 - Click on : [[ChromeDriver: chrome on windows (b94d70b5946eb5165e3e03d3af329ffc)] -> xpath: //button[@id='toggle-hp-search']]
2023-12-21 21:12:23 INFO  HomePage :82 - Entering salary : [[ChromeDriver: chrome on windows (b94d70b5946eb5165e3e03d3af329ffc)] -> xpath: //input[@id='salarymin']]
2023-12-21 21:12:168 INFO  HomePage :87 - Entering salary : [[ChromeDriver: chrome on windows (b94d70b5946eb5165e3e03d3af329ffc)] -> xpath: //input[@id='salarymax']]
2023-12-21 21:12:445 INFO  HomePage :62 - Entering jobTitle : [[ChromeDriver: chrome on windows (f33b1965b9655953d659807e48fb583d)] -> xpath: //input[@id='keywords']]
2023-12-21 21:12:695 INFO  HomePage :67 - Entering location : [[ChromeDriver: chrome on windows (f33b1965b9655953d659807e48fb583d)] -> xpath: //input[@id='location']]
2023-12-21 21:12:958 INFO  HomePage :72 - Clicking on :[[ChromeDriver: chrome on windows (f33b1965b9655953d659807e48fb583d)] -> xpath: //select[@id='distance']]
2023-12-21 21:12:154 INFO  HomePage :77 - Click on : [[ChromeDriver: chrome on windows (f33b1965b9655953d659807e48fb583d)] -> xpath: //button[@id='toggle-hp-search']]
2023-12-21 21:12:439 INFO  HomePage :82 - Entering salary : [[ChromeDriver: chrome on windows (f33b1965b9655953d659807e48fb583d)] -> xpath: //input[@id='salarymin']]
2023-12-21 21:12:567 INFO  HomePage :87 - Entering salary : [[ChromeDriver: chrome on windows (f33b1965b9655953d659807e48fb583d)] -> xpath: //input[@id='salarymax']]
2023-12-21 21:12:767 INFO  HomePage :62 - Entering jobTitle : [[ChromeDriver: chrome on windows (5f4c7eec11a955f0082c124cfe433bef)] -> xpath: //input[@id='keywords']]
2023-12-21 21:12:998 INFO  HomePage :67 - Entering location : [[ChromeDriver: chrome on windows (5f4c7eec11a955f0082c124cfe433bef)] -> xpath: //input[@id='location']]
2023-12-21 21:12:235 INFO  HomePage :72 - Clicking on :[[ChromeDriver: chrome on windows (5f4c7eec11a955f0082c124cfe433bef)] -> xpath: //select[@id='distance']]
2023-12-21 21:12:402 INFO  HomePage :77 - Click on : [[ChromeDriver: chrome on windows (5f4c7eec11a955f0082c124cfe433bef)] -> xpath: //button[@id='toggle-hp-search']]
2023-12-21 21:12:698 INFO  HomePage :82 - Entering salary : [[ChromeDriver: chrome on windows (5f4c7eec11a955f0082c124cfe433bef)] -> xpath: //input[@id='salarymin']]
2023-12-21 21:12:844 INFO  HomePage :87 - Entering salary : [[ChromeDriver: chrome on windows (5f4c7eec11a955f0082c124cfe433bef)] -> xpath: //input[@id='salarymax']]
2023-12-22 00:12:359 INFO  HomePage :54 - Entering jobTitle : [[ChromeDriver: chrome on windows (fe99c5fbb2e623b22b487c526f5295a8)] -> xpath: //input[@id='keywords']]
2023-12-22 00:12:500 INFO  HomePage :59 - Entering location : [[ChromeDriver: chrome on windows (fe99c5fbb2e623b22b487c526f5295a8)] -> xpath: //input[@id='location']]
2023-12-22 00:12:680 INFO  HomePage :64 - Clicking on :[[ChromeDriver: chrome on windows (fe99c5fbb2e623b22b487c526f5295a8)] -> xpath: //select[@id='distance']]
2023-12-22 00:12:910 INFO  HomePage :54 - Entering jobTitle : [[ChromeDriver: chrome on windows (b84b98f025c9c35603986270820dd7fd)] -> xpath: //input[@id='keywords']]
2023-12-22 00:12:44 INFO  HomePage :59 - Entering location : [[ChromeDriver: chrome on windows (b84b98f025c9c35603986270820dd7fd)] -> xpath: //input[@id='location']]
2023-12-22 00:12:237 INFO  HomePage :64 - Clicking on :[[ChromeDriver: chrome on windows (b84b98f025c9c35603986270820dd7fd)] -> xpath: //select[@id='distance']]
2023-12-22 00:12:413 INFO  HomePage :54 - Entering jobTitle : [[ChromeDriver: chrome on windows (f7d65ab3d1b9bc9d5fe0541bae142b81)] -> xpath: //input[@id='keywords']]
2023-12-22 00:12:566 INFO  HomePage :59 - Entering location : [[ChromeDriver: chrome on windows (f7d65ab3d1b9bc9d5fe0541bae142b81)] -> xpath: //input[@id='location']]
2023-12-22 00:12:750 INFO  HomePage :64 - Clicking on :[[ChromeDriver: chrome on windows (f7d65ab3d1b9bc9d5fe0541bae142b81)] -> xpath: //select[@id='distance']]
2023-12-22 00:12:35 INFO  HomePage :73 - Entering jobTitle : [[ChromeDriver: chrome on windows (c2144afea21df49c7310f2e37b1dd0e4)] -> xpath: //input[@id='keywords']]
2023-12-22 00:12:127 INFO  HomePage :78 - Entering location : [[ChromeDriver: chrome on windows (c2144afea21df49c7310f2e37b1dd0e4)] -> xpath: //input[@id='location']]
2023-12-22 00:12:262 INFO  HomePage :83 - Clicking on :[[ChromeDriver: chrome on windows (c2144afea21df49c7310f2e37b1dd0e4)] -> xpath: //select[@id='distance']]
2023-12-22 00:12:372 INFO  HomePage :88 - Click on : [[ChromeDriver: chrome on windows (c2144afea21df49c7310f2e37b1dd0e4)] -> xpath: //button[@id='toggle-hp-search']]
2023-12-22 00:12:565 INFO  HomePage :93 - Entering salary : [[ChromeDriver: chrome on windows (c2144afea21df49c7310f2e37b1dd0e4)] -> xpath: //input[@id='salarymin']]
2023-12-22 00:12:655 INFO  HomePage :98 - Entering salary : [[ChromeDriver: chrome on windows (c2144afea21df49c7310f2e37b1dd0e4)] -> xpath: //input[@id='salarymax']]
2023-12-22 00:12:745 INFO  HomePage :103 - Entering salary type : [[ChromeDriver: chrome on windows (c2144afea21df49c7310f2e37b1dd0e4)] -> xpath: //select[@id='salarytype']]
2023-12-22 00:12:828 INFO  HomePage :108 - Entering job type : [[ChromeDriver: chrome on windows (c2144afea21df49c7310f2e37b1dd0e4)] -> xpath: //select[@id='tempperm']]
2023-12-22 00:12:920 INFO  HomePage :113 - Click on : [[ChromeDriver: chrome on windows (c2144afea21df49c7310f2e37b1dd0e4)] -> xpath: //input[@id='hp-search-btn']]
2023-12-22 00:12:333 INFO  ResultPage :19 - Getting result Text :[[ChromeDriver: chrome on windows (c2144afea21df49c7310f2e37b1dd0e4)] -> xpath: //h1[normalize-space()='Permanent Tester jobs in Harrow']]
2023-12-22 00:12:561 INFO  HomePage :73 - Entering jobTitle : [[ChromeDriver: chrome on windows (16140b3cf07bf98ae0c3299048e65aea)] -> xpath: //input[@id='keywords']]
2023-12-22 00:12:636 INFO  HomePage :78 - Entering location : [[ChromeDriver: chrome on windows (16140b3cf07bf98ae0c3299048e65aea)] -> xpath: //input[@id='location']]
2023-12-22 00:12:766 INFO  HomePage :83 - Clicking on :[[ChromeDriver: chrome on windows (16140b3cf07bf98ae0c3299048e65aea)] -> xpath: //select[@id='distance']]
2023-12-22 00:12:876 INFO  HomePage :88 - Click on : [[ChromeDriver: chrome on windows (16140b3cf07bf98ae0c3299048e65aea)] -> xpath: //button[@id='toggle-hp-search']]
2023-12-22 00:12:112 INFO  HomePage :93 - Entering salary : [[ChromeDriver: chrome on windows (16140b3cf07bf98ae0c3299048e65aea)] -> xpath: //input[@id='salarymin']]
2023-12-22 00:12:183 INFO  HomePage :98 - Entering salary : [[ChromeDriver: chrome on windows (16140b3cf07bf98ae0c3299048e65aea)] -> xpath: //input[@id='salarymax']]
2023-12-22 00:12:272 INFO  HomePage :103 - Entering salary type : [[ChromeDriver: chrome on windows (16140b3cf07bf98ae0c3299048e65aea)] -> xpath: //select[@id='salarytype']]
2023-12-22 00:12:352 INFO  HomePage :108 - Entering job type : [[ChromeDriver: chrome on windows (16140b3cf07bf98ae0c3299048e65aea)] -> xpath: //select[@id='tempperm']]
2023-12-22 00:12:455 INFO  HomePage :113 - Click on : [[ChromeDriver: chrome on windows (16140b3cf07bf98ae0c3299048e65aea)] -> xpath: //input[@id='hp-search-btn']]
2023-12-22 00:12:91 INFO  HomePage :69 - Entering jobTitle : [[ChromeDriver: chrome on windows (110ebdaf6f647acb2c098f7654e1ee60)] -> xpath: //input[@id='keywords']]
2023-12-22 00:12:198 INFO  HomePage :74 - Entering location : [[ChromeDriver: chrome on windows (110ebdaf6f647acb2c098f7654e1ee60)] -> xpath: //input[@id='location']]
2023-12-22 00:12:358 INFO  HomePage :79 - Clicking on :[[ChromeDriver: chrome on windows (110ebdaf6f647acb2c098f7654e1ee60)] -> xpath: //select[@id='distance']]
2023-12-22 00:12:483 INFO  HomePage :84 - Click on : [[ChromeDriver: chrome on windows (110ebdaf6f647acb2c098f7654e1ee60)] -> xpath: //button[@id='toggle-hp-search']]
2023-12-22 00:12:682 INFO  HomePage :89 - Entering salary : [[ChromeDriver: chrome on windows (110ebdaf6f647acb2c098f7654e1ee60)] -> xpath: //input[@id='salarymin']]
2023-12-22 00:12:789 INFO  HomePage :94 - Entering salary : [[ChromeDriver: chrome on windows (110ebdaf6f647acb2c098f7654e1ee60)] -> xpath: //input[@id='salarymax']]
2023-12-22 00:12:890 INFO  HomePage :99 - Entering salary type : [[ChromeDriver: chrome on windows (110ebdaf6f647acb2c098f7654e1ee60)] -> xpath: //select[@id='salarytype']]
2023-12-22 00:12:988 INFO  HomePage :104 - Entering job type : [[ChromeDriver: chrome on windows (110ebdaf6f647acb2c098f7654e1ee60)] -> xpath: //select[@id='tempperm']]
2023-12-22 00:12:105 INFO  HomePage :109 - Click on : [[ChromeDriver: chrome on windows (110ebdaf6f647acb2c098f7654e1ee60)] -> xpath: //input[@id='hp-search-btn']]
2023-12-22 00:12:449 INFO  ResultPage :19 - Getting result Text :[[ChromeDriver: chrome on windows (110ebdaf6f647acb2c098f7654e1ee60)] -> xpath: //h1[normalize-space()='Permanent Tester jobs in Harrow']]
2023-12-22 00:12:114 INFO  HomePage :69 - Entering jobTitle : [[ChromeDriver: chrome on windows (3bf53b7eb554919765be70bdff16522e)] -> xpath: //input[@id='keywords']]
2023-12-22 00:12:207 INFO  HomePage :74 - Entering location : [[ChromeDriver: chrome on windows (3bf53b7eb554919765be70bdff16522e)] -> xpath: //input[@id='location']]
2023-12-22 00:12:352 INFO  HomePage :79 - Clicking on :[[ChromeDriver: chrome on windows (3bf53b7eb554919765be70bdff16522e)] -> xpath: //select[@id='distance']]
2023-12-22 00:12:649 INFO  HomePage :84 - Click on : [[ChromeDriver: chrome on windows (3bf53b7eb554919765be70bdff16522e)] -> xpath: //button[@id='toggle-hp-search']]
2023-12-22 00:12:844 INFO  HomePage :89 - Entering salary : [[ChromeDriver: chrome on windows (3bf53b7eb554919765be70bdff16522e)] -> xpath: //input[@id='salarymin']]
2023-12-22 00:12:937 INFO  HomePage :94 - Entering salary : [[ChromeDriver: chrome on windows (3bf53b7eb554919765be70bdff16522e)] -> xpath: //input[@id='salarymax']]
2023-12-22 00:12:33 INFO  HomePage :99 - Entering salary type : [[ChromeDriver: chrome on windows (3bf53b7eb554919765be70bdff16522e)] -> xpath: //select[@id='salarytype']]
2023-12-22 00:12:124 INFO  HomePage :104 - Entering job type : [[ChromeDriver: chrome on windows (3bf53b7eb554919765be70bdff16522e)] -> xpath: //select[@id='tempperm']]
2023-12-22 00:12:241 INFO  HomePage :109 - Click on : [[ChromeDriver: chrome on windows (3bf53b7eb554919765be70bdff16522e)] -> xpath: //input[@id='hp-search-btn']]
2023-12-22 00:12:300 INFO  ResultPage :19 - Getting result Text :Proxy element for: DefaultElementLocator 'By.xpath: //h1[normalize-space()='Permanent Tester jobs in Harrow']'
2023-12-22 00:12:719 INFO  HomePage :69 - Entering jobTitle : [[ChromeDriver: chrome on windows (e45db2fbb6a3c48459d9caa627244d19)] -> xpath: //input[@id='keywords']]
2023-12-22 00:12:802 INFO  HomePage :74 - Entering location : [[ChromeDriver: chrome on windows (e45db2fbb6a3c48459d9caa627244d19)] -> xpath: //input[@id='location']]
2023-12-22 00:12:927 INFO  HomePage :79 - Clicking on :[[ChromeDriver: chrome on windows (e45db2fbb6a3c48459d9caa627244d19)] -> xpath: //select[@id='distance']]
2023-12-22 00:12:20 INFO  HomePage :84 - Click on : [[ChromeDriver: chrome on windows (e45db2fbb6a3c48459d9caa627244d19)] -> xpath: //button[@id='toggle-hp-search']]
2023-12-22 00:12:808 INFO  HomePage :69 - Entering jobTitle : [[ChromeDriver: chrome on windows (201854b0e89132ef7c3a98cfa9e2c9e7)] -> xpath: //input[@id='keywords']]
2023-12-22 00:12:969 INFO  HomePage :74 - Entering location : [[ChromeDriver: chrome on windows (201854b0e89132ef7c3a98cfa9e2c9e7)] -> xpath: //input[@id='location']]
2023-12-22 00:12:94 INFO  HomePage :79 - Clicking on :[[ChromeDriver: chrome on windows (201854b0e89132ef7c3a98cfa9e2c9e7)] -> xpath: //select[@id='distance']]
2023-12-22 00:12:206 INFO  HomePage :84 - Click on : [[ChromeDriver: chrome on windows (201854b0e89132ef7c3a98cfa9e2c9e7)] -> xpath: //button[@id='toggle-hp-search']]
2023-12-22 00:12:391 INFO  HomePage :89 - Entering salary : [[ChromeDriver: chrome on windows (201854b0e89132ef7c3a98cfa9e2c9e7)] -> xpath: //input[@id='salarymin']]
2023-12-22 00:12:474 INFO  HomePage :94 - Entering salary : [[ChromeDriver: chrome on windows (201854b0e89132ef7c3a98cfa9e2c9e7)] -> xpath: //input[@id='salarymax']]
2023-12-22 00:12:558 INFO  HomePage :99 - Entering salary type : [[ChromeDriver: chrome on windows (201854b0e89132ef7c3a98cfa9e2c9e7)] -> xpath: //select[@id='salarytype']]
2023-12-22 00:12:637 INFO  HomePage :104 - Entering job type : [[ChromeDriver: chrome on windows (201854b0e89132ef7c3a98cfa9e2c9e7)] -> xpath: //select[@id='tempperm']]
2023-12-22 00:12:728 INFO  HomePage :109 - Click on : [[ChromeDriver: chrome on windows (201854b0e89132ef7c3a98cfa9e2c9e7)] -> xpath: //input[@id='hp-search-btn']]
2023-12-22 00:12:777 INFO  ResultPage :19 - Getting result Text :Proxy element for: DefaultElementLocator 'By.xpath: //h1[normalize-space()='Permanent Tester jobs in Harrow']'
2023-12-22 00:12:487 INFO  HomePage :69 - Entering jobTitle : [[ChromeDriver: chrome on windows (411aebe60802b9c6e2c4383c3b311afa)] -> xpath: //input[@id='keywords']]
2023-12-22 00:12:584 INFO  HomePage :74 - Entering location : [[ChromeDriver: chrome on windows (411aebe60802b9c6e2c4383c3b311afa)] -> xpath: //input[@id='location']]
2023-12-22 00:12:726 INFO  HomePage :79 - Clicking on :[[ChromeDriver: chrome on windows (411aebe60802b9c6e2c4383c3b311afa)] -> xpath: //select[@id='distance']]
2023-12-22 00:12:859 INFO  HomePage :84 - Click on : [[ChromeDriver: chrome on windows (411aebe60802b9c6e2c4383c3b311afa)] -> xpath: //button[@id='toggle-hp-search']]
2023-12-22 00:12:52 INFO  HomePage :89 - Entering salary : [[ChromeDriver: chrome on windows (411aebe60802b9c6e2c4383c3b311afa)] -> xpath: //input[@id='salarymin']]
2023-12-22 00:12:150 INFO  HomePage :94 - Entering salary : [[ChromeDriver: chrome on windows (411aebe60802b9c6e2c4383c3b311afa)] -> xpath: //input[@id='salarymax']]
2023-12-22 00:12:250 INFO  HomePage :99 - Entering salary type : [[ChromeDriver: chrome on windows (411aebe60802b9c6e2c4383c3b311afa)] -> xpath: //select[@id='salarytype']]
2023-12-22 00:12:337 INFO  HomePage :104 - Entering job type : [[ChromeDriver: chrome on windows (411aebe60802b9c6e2c4383c3b311afa)] -> xpath: //select[@id='tempperm']]
2023-12-22 00:12:453 INFO  HomePage :109 - Click on : [[ChromeDriver: chrome on windows (411aebe60802b9c6e2c4383c3b311afa)] -> xpath: //input[@id='hp-search-btn']]
2023-12-22 00:12:524 INFO  ResultPage :19 - Getting result Text :Proxy element for: DefaultElementLocator 'By.xpath: //h1[normalize-space()='Permanent Tester jobs in Harrow']'
2023-12-22 00:12:848 INFO  HomePage :69 - Entering jobTitle : [[ChromeDriver: chrome on windows (6c76f048534ead15f1d1df29055f61cf)] -> xpath: //input[@id='keywords']]
2023-12-22 00:12:516 INFO  HomePage :69 - Entering jobTitle : [[ChromeDriver: chrome on windows (0c05f52f8f386d1b1b4ffc4ede3703c9)] -> xpath: //input[@id='keywords']]
2023-12-22 00:12:621 INFO  HomePage :74 - Entering location : [[ChromeDriver: chrome on windows (0c05f52f8f386d1b1b4ffc4ede3703c9)] -> xpath: //input[@id='location']]
2023-12-22 00:12:756 INFO  HomePage :79 - Clicking on :[[ChromeDriver: chrome on windows (0c05f52f8f386d1b1b4ffc4ede3703c9)] -> xpath: //select[@id='distance']]
2023-12-22 00:12:883 INFO  HomePage :84 - Click on : [[ChromeDriver: chrome on windows (0c05f52f8f386d1b1b4ffc4ede3703c9)] -> xpath: //button[@id='toggle-hp-search']]
2023-12-22 00:12:68 INFO  HomePage :89 - Entering salary : [[ChromeDriver: chrome on windows (0c05f52f8f386d1b1b4ffc4ede3703c9)] -> xpath: //input[@id='salarymin']]
2023-12-22 00:12:155 INFO  HomePage :94 - Entering salary : [[ChromeDriver: chrome on windows (0c05f52f8f386d1b1b4ffc4ede3703c9)] -> xpath: //input[@id='salarymax']]
2023-12-22 00:12:234 INFO  HomePage :99 - Entering salary type : [[ChromeDriver: chrome on windows (0c05f52f8f386d1b1b4ffc4ede3703c9)] -> xpath: //select[@id='salarytype']]
2023-12-22 00:12:317 INFO  HomePage :104 - Entering job type : [[ChromeDriver: chrome on windows (0c05f52f8f386d1b1b4ffc4ede3703c9)] -> xpath: //select[@id='tempperm']]
2023-12-22 00:12:427 INFO  HomePage :109 - Click on : [[ChromeDriver: chrome on windows (0c05f52f8f386d1b1b4ffc4ede3703c9)] -> xpath: //input[@id='hp-search-btn']]
2023-12-22 00:12:621 INFO  ResultPage :24 - Getting result Text :[[ChromeDriver: chrome on windows (0c05f52f8f386d1b1b4ffc4ede3703c9)] -> xpath: //h1[@class='search-header__title']]
2023-12-22 00:12:344 INFO  HomePage :69 - Entering jobTitle : [[ChromeDriver: chrome on windows (f0f69571c4efa2047c35603c68a473a1)] -> xpath: //input[@id='keywords']]
2023-12-22 00:12:426 INFO  HomePage :74 - Entering location : [[ChromeDriver: chrome on windows (f0f69571c4efa2047c35603c68a473a1)] -> xpath: //input[@id='location']]
2023-12-22 00:12:558 INFO  HomePage :79 - Clicking on :[[ChromeDriver: chrome on windows (f0f69571c4efa2047c35603c68a473a1)] -> xpath: //select[@id='distance']]
2023-12-22 00:12:851 INFO  HomePage :84 - Click on : [[ChromeDriver: chrome on windows (f0f69571c4efa2047c35603c68a473a1)] -> xpath: //button[@id='toggle-hp-search']]
2023-12-22 00:12:14 INFO  HomePage :89 - Entering salary : [[ChromeDriver: chrome on windows (f0f69571c4efa2047c35603c68a473a1)] -> xpath: //input[@id='salarymin']]
2023-12-22 00:12:87 INFO  HomePage :94 - Entering salary : [[ChromeDriver: chrome on windows (f0f69571c4efa2047c35603c68a473a1)] -> xpath: //input[@id='salarymax']]
2023-12-22 00:12:169 INFO  HomePage :99 - Entering salary type : [[ChromeDriver: chrome on windows (f0f69571c4efa2047c35603c68a473a1)] -> xpath: //select[@id='salarytype']]
2023-12-22 00:12:244 INFO  HomePage :104 - Entering job type : [[ChromeDriver: chrome on windows (f0f69571c4efa2047c35603c68a473a1)] -> xpath: //select[@id='tempperm']]
2023-12-22 00:12:336 INFO  HomePage :109 - Click on : [[ChromeDriver: chrome on windows (f0f69571c4efa2047c35603c68a473a1)] -> xpath: //input[@id='hp-search-btn']]
2023-12-22 00:12:454 INFO  ResultPage :24 - Getting result Text :[[ChromeDriver: chrome on windows (f0f69571c4efa2047c35603c68a473a1)] -> xpath: //h1[@class='search-header__title']]
2023-12-22 00:12:129 INFO  HomePage :69 - Entering jobTitle : [[ChromeDriver: chrome on windows (ee9e87f086422058c1e0c6caa39358a0)] -> xpath: //input[@id='keywords']]
2023-12-22 00:12:239 INFO  HomePage :74 - Entering location : [[ChromeDriver: chrome on windows (ee9e87f086422058c1e0c6caa39358a0)] -> xpath: //input[@id='location']]
2023-12-22 00:12:398 INFO  HomePage :79 - Clicking on :[[ChromeDriver: chrome on windows (ee9e87f086422058c1e0c6caa39358a0)] -> xpath: //select[@id='distance']]
2023-12-22 00:12:659 INFO  HomePage :84 - Click on : [[ChromeDriver: chrome on windows (ee9e87f086422058c1e0c6caa39358a0)] -> xpath: //button[@id='toggle-hp-search']]
2023-12-22 00:12:851 INFO  HomePage :89 - Entering salary : [[ChromeDriver: chrome on windows (ee9e87f086422058c1e0c6caa39358a0)] -> xpath: //input[@id='salarymin']]
2023-12-22 00:12:956 INFO  HomePage :94 - Entering salary : [[ChromeDriver: chrome on windows (ee9e87f086422058c1e0c6caa39358a0)] -> xpath: //input[@id='salarymax']]
2023-12-22 00:12:49 INFO  HomePage :99 - Entering salary type : [[ChromeDriver: chrome on windows (ee9e87f086422058c1e0c6caa39358a0)] -> xpath: //select[@id='salarytype']]
2023-12-22 00:12:142 INFO  HomePage :104 - Entering job type : [[ChromeDriver: chrome on windows (ee9e87f086422058c1e0c6caa39358a0)] -> xpath: //select[@id='tempperm']]
2023-12-22 00:12:247 INFO  HomePage :109 - Click on : [[ChromeDriver: chrome on windows (ee9e87f086422058c1e0c6caa39358a0)] -> xpath: //input[@id='hp-search-btn']]
2023-12-22 00:12:634 INFO  ResultPage :24 - Getting result Text :[[ChromeDriver: chrome on windows (ee9e87f086422058c1e0c6caa39358a0)] -> xpath: //h1[@class='search-header__title']]
2023-12-22 00:12:398 INFO  HomePage :69 - Entering jobTitle : [[ChromeDriver: chrome on windows (1c0763d8cc27b2382286bb8b7e8a89df)] -> xpath: //input[@id='keywords']]
2023-12-22 00:12:525 INFO  HomePage :74 - Entering location : [[ChromeDriver: chrome on windows (1c0763d8cc27b2382286bb8b7e8a89df)] -> xpath: //input[@id='location']]
2023-12-22 00:12:662 INFO  HomePage :79 - Clicking on :[[ChromeDriver: chrome on windows (1c0763d8cc27b2382286bb8b7e8a89df)] -> xpath: //select[@id='distance']]
2023-12-22 00:12:787 INFO  HomePage :84 - Click on : [[ChromeDriver: chrome on windows (1c0763d8cc27b2382286bb8b7e8a89df)] -> xpath: //button[@id='toggle-hp-search']]
2023-12-22 00:12:00 INFO  HomePage :89 - Entering salary : [[ChromeDriver: chrome on windows (1c0763d8cc27b2382286bb8b7e8a89df)] -> xpath: //input[@id='salarymin']]
2023-12-22 00:12:100 INFO  HomePage :94 - Entering salary : [[ChromeDriver: chrome on windows (1c0763d8cc27b2382286bb8b7e8a89df)] -> xpath: //input[@id='salarymax']]
2023-12-22 00:12:212 INFO  HomePage :99 - Entering salary type : [[ChromeDriver: chrome on windows (1c0763d8cc27b2382286bb8b7e8a89df)] -> xpath: //select[@id='salarytype']]
2023-12-22 00:12:306 INFO  HomePage :104 - Entering job type : [[ChromeDriver: chrome on windows (1c0763d8cc27b2382286bb8b7e8a89df)] -> xpath: //select[@id='tempperm']]
2023-12-22 00:12:412 INFO  HomePage :109 - Click on : [[ChromeDriver: chrome on windows (1c0763d8cc27b2382286bb8b7e8a89df)] -> xpath: //input[@id='hp-search-btn']]
2023-12-22 01:12:613 INFO  ResultPage :24 - Getting result Text :[[ChromeDriver: chrome on windows (1c0763d8cc27b2382286bb8b7e8a89df)] -> xpath: //h1[@class='search-header__title']]
2023-12-22 01:12:636 INFO  HomePage :69 - Entering jobTitle : [[ChromeDriver: chrome on windows (cde76f4e69ff8875d3eda40cdc2dd43b)] -> xpath: //input[@id='keywords']]
2023-12-22 01:12:743 INFO  HomePage :74 - Entering location : [[ChromeDriver: chrome on windows (cde76f4e69ff8875d3eda40cdc2dd43b)] -> xpath: //input[@id='location']]
2023-12-22 01:12:885 INFO  HomePage :79 - Clicking on :[[ChromeDriver: chrome on windows (cde76f4e69ff8875d3eda40cdc2dd43b)] -> xpath: //select[@id='distance']]
2023-12-22 01:12:16 INFO  HomePage :84 - Click on : [[ChromeDriver: chrome on windows (cde76f4e69ff8875d3eda40cdc2dd43b)] -> xpath: //button[@id='toggle-hp-search']]
2023-12-22 01:12:234 INFO  HomePage :89 - Entering salary : [[ChromeDriver: chrome on windows (cde76f4e69ff8875d3eda40cdc2dd43b)] -> xpath: //input[@id='salarymin']]
2023-12-22 01:12:333 INFO  HomePage :94 - Entering salary : [[ChromeDriver: chrome on windows (cde76f4e69ff8875d3eda40cdc2dd43b)] -> xpath: //input[@id='salarymax']]
2023-12-22 01:12:439 INFO  HomePage :99 - Entering salary type : [[ChromeDriver: chrome on windows (cde76f4e69ff8875d3eda40cdc2dd43b)] -> xpath: //select[@id='salarytype']]
2023-12-22 01:12:533 INFO  HomePage :104 - Entering job type : [[ChromeDriver: chrome on windows (cde76f4e69ff8875d3eda40cdc2dd43b)] -> xpath: //select[@id='tempperm']]
2023-12-22 01:12:644 INFO  HomePage :109 - Click on : [[ChromeDriver: chrome on windows (cde76f4e69ff8875d3eda40cdc2dd43b)] -> xpath: //input[@id='hp-search-btn']]
2023-12-22 01:12:429 INFO  ResultPage :24 - Getting result Text :[[ChromeDriver: chrome on windows (cde76f4e69ff8875d3eda40cdc2dd43b)] -> xpath: //h1[@class='search-header__title']]
2023-12-22 01:12:521 INFO  HomePage :69 - Entering jobTitle : [[ChromeDriver: chrome on windows (fa6ec0aa403f74688fb1734e8c0ccedf)] -> xpath: //input[@id='keywords']]
2023-12-22 01:12:629 INFO  HomePage :74 - Entering location : [[ChromeDriver: chrome on windows (fa6ec0aa403f74688fb1734e8c0ccedf)] -> xpath: //input[@id='location']]
2023-12-22 01:12:780 INFO  HomePage :79 - Clicking on :[[ChromeDriver: chrome on windows (fa6ec0aa403f74688fb1734e8c0ccedf)] -> xpath: //select[@id='distance']]
2023-12-22 01:12:901 INFO  HomePage :84 - Click on : [[ChromeDriver: chrome on windows (fa6ec0aa403f74688fb1734e8c0ccedf)] -> xpath: //button[@id='toggle-hp-search']]
2023-12-22 01:12:106 INFO  HomePage :89 - Entering salary : [[ChromeDriver: chrome on windows (fa6ec0aa403f74688fb1734e8c0ccedf)] -> xpath: //input[@id='salarymin']]
2023-12-22 01:12:211 INFO  HomePage :94 - Entering salary : [[ChromeDriver: chrome on windows (fa6ec0aa403f74688fb1734e8c0ccedf)] -> xpath: //input[@id='salarymax']]
2023-12-22 01:12:317 INFO  HomePage :99 - Entering salary type : [[ChromeDriver: chrome on windows (fa6ec0aa403f74688fb1734e8c0ccedf)] -> xpath: //select[@id='salarytype']]
2023-12-22 01:12:402 INFO  HomePage :104 - Entering job type : [[ChromeDriver: chrome on windows (fa6ec0aa403f74688fb1734e8c0ccedf)] -> xpath: //select[@id='tempperm']]
2023-12-22 01:12:514 INFO  HomePage :109 - Click on : [[ChromeDriver: chrome on windows (fa6ec0aa403f74688fb1734e8c0ccedf)] -> xpath: //input[@id='hp-search-btn']]
2023-12-22 01:12:361 INFO  ResultPage :24 - Getting result Text :[[ChromeDriver: chrome on windows (fa6ec0aa403f74688fb1734e8c0ccedf)] -> xpath: //h1[@class='search-header__title']]
